# JRE version: OpenJDK Runtime Environment Microsoft-11369942 (21.0.7+6) (build 21.0.7+6-LTS)
# Java VM: OpenJDK 64-Bit Server VM Microsoft-11369942 (21.0.7+6-LTS, mixed mode, sharing, tiered, compressed oops, compressed class ptrs, g1 gc, linux-amd64)
GC Precious Log:
 CardTable entry size: 512
 Card Set container configuration: InlinePtr #cards 5 size 8 Array Of Cards #cards 12 size 40 Howl #buckets 4 coarsen threshold 1843 Howl Bitmap #cards 512 size 80 coarsen threshold 460 Card regions per heap region 1 cards per card region 2048
 CPUs: 2 total, 2 available
 Memory: 7944M
 Large Page Support: Disabled
 NUMA Support: Disabled
 Compressed Oops: Enabled (32-bit)
 Heap Region Size: 1M
 Heap Min Capacity: 8M
 Heap Initial Capacity: 126M
 Heap Max Capacity: 1988M
 Pre-touch: Disabled
 Parallel Workers: 2
 Concurrent Workers: 1
 Concurrent Refinement Workers: 2
 Periodic GC: Disabled
Heap:
 garbage-first heap   total 131072K, used 84473K [0x0000000083c00000, 0x0000000100000000)
  region size 1024K, 50 young (51200K), 1 survivors (1024K)
 Metaspace       used 16960K, committed 17344K, reserved 1114112K
  class space    used 1817K, committed 1984K, reserved 1048576K
GC Heap History (12 events):
Event: 0.672 GC heap before
{Heap before GC invocations=0 (full 0):
 garbage-first heap   total 131072K, used 6193K [0x0000000083c00000, 0x0000000100000000)
  region size 1024K, 6 young (6144K), 0 survivors (0K)
 Metaspace       used 3997K, committed 4224K, reserved 1114112K
  class space    used 404K, committed 512K, reserved 1048576K
}
Event: 0.679 GC heap after
{Heap after GC invocations=1 (full 0):
 garbage-first heap   total 131072K, used 2975K [0x0000000083c00000, 0x0000000100000000)
  region size 1024K, 1 young (1024K), 1 survivors (1024K)
 Metaspace       used 3997K, committed 4224K, reserved 1114112K
  class space    used 404K, committed 512K, reserved 1048576K
}
Event: 0.997 GC heap before
{Heap before GC invocations=1 (full 0):
 garbage-first heap   total 131072K, used 7071K [0x0000000083c00000, 0x0000000100000000)
  region size 1024K, 6 young (6144K), 1 survivors (1024K)
 Metaspace       used 6154K, committed 6336K, reserved 1114112K
  class space    used 618K, committed 704K, reserved 1048576K
}
Event: 1.002 GC heap after
{Heap after GC invocations=2 (full 0):
 garbage-first heap   total 131072K, used 4359K [0x0000000083c00000, 0x0000000100000000)
  region size 1024K, 1 young (1024K), 1 survivors (1024K)
 Metaspace       used 6154K, committed 6336K, reserved 1114112K
  class space    used 618K, committed 704K, reserved 1048576K
}
Event: 5.574 GC heap before
{Heap before GC invocations=2 (full 0):
 garbage-first heap   total 131072K, used 25863K [0x0000000083c00000, 0x0000000100000000)
  region size 1024K, 16 young (16384K), 1 survivors (1024K)
 Metaspace       used 9137K, committed 9408K, reserved 1114112K
  class space    used 935K, committed 1088K, reserved 1048576K
}
Event: 5.578 GC heap after
{Heap after GC invocations=3 (full 0):
 garbage-first heap   total 131072K, used 5478K [0x0000000083c00000, 0x0000000100000000)
  region size 1024K, 2 young (2048K), 2 survivors (2048K)
 Metaspace       used 9137K, committed 9408K, reserved 1114112K
  class space    used 935K, committed 1088K, reserved 1048576K
}
Event: 8.691 GC heap before
{Heap before GC invocations=3 (full 0):
 garbage-first heap   total 131072K, used 65894K [0x0000000083c00000, 0x0000000100000000)
  region size 1024K, 12 young (12288K), 2 survivors (2048K)
 Metaspace       used 9301K, committed 9600K, reserved 1114112K
  class space    used 937K, committed 1088K, reserved 1048576K
}
Event: 8.693 GC heap after
{Heap after GC invocations=4 (full 0):
 garbage-first heap   total 131072K, used 5949K [0x0000000083c00000, 0x0000000100000000)
  region size 1024K, 3 young (3072K), 3 survivors (3072K)
 Metaspace       used 9301K, committed 9600K, reserved 1114112K
  class space    used 937K, committed 1088K, reserved 1048576K
}
Event: 14.150 GC heap before
{Heap before GC invocations=4 (full 0):
 garbage-first heap   total 131072K, used 76605K [0x0000000083c00000, 0x0000000100000000)
  region size 1024K, 46 young (47104K), 3 survivors (3072K)
 Metaspace       used 10241K, committed 10496K, reserved 1114112K
  class space    used 1034K, committed 1152K, reserved 1048576K
}
Event: 14.155 GC heap after
{Heap after GC invocations=5 (full 0):
 garbage-first heap   total 131072K, used 24792K [0x0000000083c00000, 0x0000000100000000)
  region size 1024K, 6 young (6144K), 6 survivors (6144K)
 Metaspace       used 10241K, committed 10496K, reserved 1114112K
  class space    used 1034K, committed 1152K, reserved 1048576K
}
Event: 14.782 GC heap before
{Heap before GC invocations=5 (full 0):
 garbage-first heap   total 131072K, used 63704K [0x0000000083c00000, 0x0000000100000000)
  region size 1024K, 44 young (45056K), 6 survivors (6144K)
 Metaspace       used 10260K, committed 10496K, reserved 1114112K
  class space    used 1034K, committed 1152K, reserved 1048576K
}
Event: 14.785 GC heap after
{Heap after GC invocations=6 (full 0):
 garbage-first heap   total 131072K, used 26105K [0x0000000083c00000, 0x0000000100000000)
  region size 1024K, 1 young (1024K), 1 survivors (1024K)
 Metaspace       used 10260K, committed 10496K, reserved 1114112K
  class space    used 1034K, committed 1152K, reserved 1048576K
}

